[0.116s] Invoking command in '/home/nls/SHK_Arbeit/volksbot/build/gamepad_driver': CMAKE_PREFIX_PATH=${CMAKE_PREFIX_PATH}:/home/nls/ros2_humble/install/rqt_bag_plugins:/home/nls/ros2_humble/install/rqt_bag:/home/nls/ros2_humble/install/ros2bag:/home/nls/ros2_humble/install/tracetools_test:/home/nls/ros2_humble/install/tracetools_launch:/home/nls/ros2_humble/install/topic_monitor:/home/nls/ros2_humble/install/tf2_tools:/home/nls/ros2_humble/install/examples_tf2_py:/home/nls/ros2_humble/install/tf2_ros_py:/home/nls/ros2_humble/install/sros2:/home/nls/ros2_humble/install/rqt_topic:/home/nls/ros2_humble/install/rqt_srv:/home/nls/ros2_humble/install/rqt_shell:/home/nls/ros2_humble/install/rqt_service_caller:/home/nls/ros2_humble/install/rqt_reconfigure:/home/nls/ros2_humble/install/rqt_py_console:/home/nls/ros2_humble/install/rqt_publisher:/home/nls/ros2_humble/install/rqt_plot:/home/nls/ros2_humble/install/rqt_action:/home/nls/ros2_humble/install/rqt_msg:/home/nls/ros2_humble/install/rqt_console:/home/nls/ros2_humble/install/rqt:/home/nls/ros2_humble/install/rqt_graph:/home/nls/ros2_humble/install/rqt_gui_py:/home/nls/ros2_humble/install/rqt_gui:/home/nls/ros2_humble/install/ros2trace:/home/nls/ros2_humble/install/ros2topic:/home/nls/ros2_humble/install/ros2test:/home/nls/ros2_humble/install/ros2component:/home/nls/ros2_humble/install/ros2param:/home/nls/ros2_humble/install/ros2lifecycle:/home/nls/ros2_humble/install/ros2service:/home/nls/ros2_humble/install/ros2run:/home/nls/ros2_humble/install/ros2launch:/home/nls/ros2_humble/install/ros2pkg:/home/nls/ros2_humble/install/ros2node:/home/nls/ros2_humble/install/ros2multicast:/home/nls/ros2_humble/install/ros2interface:/home/nls/ros2_humble/install/ros2doctor:/home/nls/ros2_humble/install/ros2action:/home/nls/ros2_humble/install/ros2cli:/home/nls/ros2_humble/install/quality_of_service_demo_py:/home/nls/ros2_humble/install/lifecycle_py:/home/nls/ros2_humble/install/launch_testing_ros:/home/nls/ros2_humble/install/launch_ros:/home/nls/ros2_humble/install/examples_rclpy_pointcloud_publisher:/home/nls/ros2_humble/install/examples_rclpy_minimal_subscriber:/home/nls/ros2_humble/install/examples_rclpy_minimal_service:/home/nls/ros2_humble/install/examples_rclpy_minimal_publisher:/home/nls/ros2_humble/install/examples_rclpy_minimal_client:/home/nls/ros2_humble/install/examples_rclpy_minimal_action_server:/home/nls/ros2_humble/install/examples_rclpy_minimal_action_client:/home/nls/ros2_humble/install/examples_rclpy_guard_conditions:/home/nls/ros2_humble/install/examples_rclpy_executors:/home/nls/ros2_humble/install/demo_nodes_py:/home/nls/ros2_humble/install/action_tutorials_py:/home/nls/ros2_humble/install/ament_uncrustify:/home/nls/ros2_humble/install/tracetools_trace:/home/nls/ros2_humble/install/tracetools_read:/home/nls/ros2_humble/install/test_tracetools_launch:/home/nls/ros2_humble/install/test_launch_ros:/home/nls/ros2_humble/install/sensor_msgs_py:/home/nls/ros2_humble/install/rpyutils:/home/nls/ros2_humble/install/rosidl_runtime_py:/home/nls/ros2_humble/install/rosidl_cli:/home/nls/ros2_humble/install/launch_pytest:/home/nls/ros2_humble/install/launch_testing:/home/nls/ros2_humble/install/launch_yaml:/home/nls/ros2_humble/install/launch_xml:/home/nls/ros2_humble/install/launch:/home/nls/ros2_humble/install/osrf_pycommon:/home/nls/ros2_humble/install/launch_testing_examples:/home/nls/ros2_humble/install/domain_coordinator:/home/nls/ros2_humble/install/ament_xmllint:/home/nls/ros2_humble/install/ament_pyflakes:/home/nls/ros2_humble/install/ament_pycodestyle:/home/nls/ros2_humble/install/ament_pep257:/home/nls/ros2_humble/install/ament_pclint:/home/nls/ros2_humble/install/ament_package:/home/nls/ros2_humble/install/ament_mypy:/home/nls/ros2_humble/install/ament_lint_cmake:/home/nls/ros2_humble/install/ament_flake8:/home/nls/ros2_humble/install/ament_copyright:/home/nls/ros2_humble/install/ament_lint:/home/nls/ros2_humble/install/ament_index_python:/home/nls/ros2_humble/install/ament_cpplint:/home/nls/ros2_humble/install/ament_cppcheck:/home/nls/ros2_humble/install/ament_clang_tidy:/home/nls/ros2_humble/install/ament_clang_format /usr/local/bin/cmake --build /home/nls/SHK_Arbeit/volksbot/build/gamepad_driver -- -j12 -l12
[0.200s] -- Found ament_cmake: 1.3.10 (/home/nls/ros2_humble/install/ament_cmake/share/ament_cmake/cmake)
[8.675s] -- Found ament_lint_auto: 0.12.11 (/home/nls/ros2_humble/install/ament_lint_auto/share/ament_lint_auto/cmake)
[10.121s] -- Added test 'cppcheck' to perform static code analysis on C / C++ code
[10.121s] -- Configured cppcheck include dirs: $<BUILD_INTERFACE:/home/nls/SHK_Arbeit/volksbot/src/gamepad_driver/include>
[10.121s] -- Configured cppcheck exclude dirs and/or files: 
[10.123s] -- Added test 'lint_cmake' to check CMake code style
[10.127s] -- Added test 'uncrustify' to check C / C++ code style
[10.127s] -- Configured uncrustify additional arguments: 
[10.128s] -- Added test 'xmllint' to check XML markup files
[10.131s] -- Configuring done (9.9s)
[10.145s] -- Generating done (0.0s)
[10.151s] -- Build files have been written to: /home/nls/SHK_Arbeit/volksbot/build/gamepad_driver
[10.280s] [ 25%] [32mBuilding CXX object CMakeFiles/gamepad.dir/src/gamepad.cpp.o[0m
[10.281s] [ 50%] [32mBuilding CXX object CMakeFiles/gamepad.dir/src/logitechf710.cpp.o[0m
[10.372s] In file included from [01m[K/home/nls/SHK_Arbeit/volksbot/src/gamepad_driver/src/logitechf710.hpp:4[m[K,
[10.373s]                  from [01m[K/home/nls/SHK_Arbeit/volksbot/src/gamepad_driver/src/logitechf710.cpp:4[m[K:
[10.373s] [01m[K/home/nls/SHK_Arbeit/volksbot/src/gamepad_driver/src/logitechf710.cpp:[m[K In member function â€˜[01m[Kvirtual void LogitechF::apply_event(js_event)[m[Kâ€™:
[10.374s] [01m[K/home/nls/SHK_Arbeit/volksbot/src/gamepad_driver/src/gamepad.hpp:11:21:[m[K [01;31m[Kerror: [m[Kjump to case label
[10.374s]    11 | #define AXIS_TYPE   [01;31m[K2[m[K
[10.374s]       |                     [01;31m[K^[m[K
[10.374s] [01m[K/home/nls/SHK_Arbeit/volksbot/src/gamepad_driver/src/logitechf710.cpp:27:14:[m[K [01;36m[Knote: [m[Kin expansion of macro â€˜[01m[KAXIS_TYPE[m[Kâ€™
[10.374s]    27 |         case [01;36m[KAXIS_TYPE[m[K:
[10.375s]       |              [01;36m[K^~~~~~~~~[m[K
[10.375s] [01m[K/home/nls/SHK_Arbeit/volksbot/src/gamepad_driver/src/logitechf710.cpp:9:22:[m[K [01;36m[Knote: [m[K  crosses initialization of â€˜[01m[Kbutton_t btn[m[Kâ€™
[10.375s]     9 |             button_t [01;36m[Kbtn[m[K = (button_t) event.value;
[10.375s]       |                      [01;36m[K^~~[m[K
[10.375s] [01m[K/home/nls/SHK_Arbeit/volksbot/src/gamepad_driver/src/logitechf710.cpp:61:9:[m[K [01;31m[Kerror: [m[Kjump to case label
[10.376s]    61 |         [01;31m[Kdefault[m[K:
[10.376s]       |         [01;31m[K^~~~~~~[m[K
[10.376s] [01m[K/home/nls/SHK_Arbeit/volksbot/src/gamepad_driver/src/logitechf710.cpp:28:20:[m[K [01;36m[Knote: [m[K  crosses initialization of â€˜[01m[Kaxis_t val[m[Kâ€™
[10.376s]    28 |             axis_t [01;36m[Kval[m[K = (axis_t) event.value;
[10.376s]       |                    [01;36m[K^~~[m[K
[10.377s] [01m[K/home/nls/SHK_Arbeit/volksbot/src/gamepad_driver/src/logitechf710.cpp:9:22:[m[K [01;36m[Knote: [m[K  crosses initialization of â€˜[01m[Kbutton_t btn[m[Kâ€™
[10.377s]     9 |             button_t [01;36m[Kbtn[m[K = (button_t) event.value;
[10.377s]       |                      [01;36m[K^~~[m[K
[10.380s] make[2]: *** [CMakeFiles/gamepad.dir/build.make:104: CMakeFiles/gamepad.dir/src/logitechf710.cpp.o] Error 1
[10.381s] make[2]: *** Waiting for unfinished jobs....
[10.427s] make[1]: *** [CMakeFiles/Makefile2:137: CMakeFiles/gamepad.dir/all] Error 2
[10.428s] make: *** [Makefile:146: all] Error 2
[10.434s] Invoked command in '/home/nls/SHK_Arbeit/volksbot/build/gamepad_driver' returned '2': CMAKE_PREFIX_PATH=${CMAKE_PREFIX_PATH}:/home/nls/ros2_humble/install/rqt_bag_plugins:/home/nls/ros2_humble/install/rqt_bag:/home/nls/ros2_humble/install/ros2bag:/home/nls/ros2_humble/install/tracetools_test:/home/nls/ros2_humble/install/tracetools_launch:/home/nls/ros2_humble/install/topic_monitor:/home/nls/ros2_humble/install/tf2_tools:/home/nls/ros2_humble/install/examples_tf2_py:/home/nls/ros2_humble/install/tf2_ros_py:/home/nls/ros2_humble/install/sros2:/home/nls/ros2_humble/install/rqt_topic:/home/nls/ros2_humble/install/rqt_srv:/home/nls/ros2_humble/install/rqt_shell:/home/nls/ros2_humble/install/rqt_service_caller:/home/nls/ros2_humble/install/rqt_reconfigure:/home/nls/ros2_humble/install/rqt_py_console:/home/nls/ros2_humble/install/rqt_publisher:/home/nls/ros2_humble/install/rqt_plot:/home/nls/ros2_humble/install/rqt_action:/home/nls/ros2_humble/install/rqt_msg:/home/nls/ros2_humble/install/rqt_console:/home/nls/ros2_humble/install/rqt:/home/nls/ros2_humble/install/rqt_graph:/home/nls/ros2_humble/install/rqt_gui_py:/home/nls/ros2_humble/install/rqt_gui:/home/nls/ros2_humble/install/ros2trace:/home/nls/ros2_humble/install/ros2topic:/home/nls/ros2_humble/install/ros2test:/home/nls/ros2_humble/install/ros2component:/home/nls/ros2_humble/install/ros2param:/home/nls/ros2_humble/install/ros2lifecycle:/home/nls/ros2_humble/install/ros2service:/home/nls/ros2_humble/install/ros2run:/home/nls/ros2_humble/install/ros2launch:/home/nls/ros2_humble/install/ros2pkg:/home/nls/ros2_humble/install/ros2node:/home/nls/ros2_humble/install/ros2multicast:/home/nls/ros2_humble/install/ros2interface:/home/nls/ros2_humble/install/ros2doctor:/home/nls/ros2_humble/install/ros2action:/home/nls/ros2_humble/install/ros2cli:/home/nls/ros2_humble/install/quality_of_service_demo_py:/home/nls/ros2_humble/install/lifecycle_py:/home/nls/ros2_humble/install/launch_testing_ros:/home/nls/ros2_humble/install/launch_ros:/home/nls/ros2_humble/install/examples_rclpy_pointcloud_publisher:/home/nls/ros2_humble/install/examples_rclpy_minimal_subscriber:/home/nls/ros2_humble/install/examples_rclpy_minimal_service:/home/nls/ros2_humble/install/examples_rclpy_minimal_publisher:/home/nls/ros2_humble/install/examples_rclpy_minimal_client:/home/nls/ros2_humble/install/examples_rclpy_minimal_action_server:/home/nls/ros2_humble/install/examples_rclpy_minimal_action_client:/home/nls/ros2_humble/install/examples_rclpy_guard_conditions:/home/nls/ros2_humble/install/examples_rclpy_executors:/home/nls/ros2_humble/install/demo_nodes_py:/home/nls/ros2_humble/install/action_tutorials_py:/home/nls/ros2_humble/install/ament_uncrustify:/home/nls/ros2_humble/install/tracetools_trace:/home/nls/ros2_humble/install/tracetools_read:/home/nls/ros2_humble/install/test_tracetools_launch:/home/nls/ros2_humble/install/test_launch_ros:/home/nls/ros2_humble/install/sensor_msgs_py:/home/nls/ros2_humble/install/rpyutils:/home/nls/ros2_humble/install/rosidl_runtime_py:/home/nls/ros2_humble/install/rosidl_cli:/home/nls/ros2_humble/install/launch_pytest:/home/nls/ros2_humble/install/launch_testing:/home/nls/ros2_humble/install/launch_yaml:/home/nls/ros2_humble/install/launch_xml:/home/nls/ros2_humble/install/launch:/home/nls/ros2_humble/install/osrf_pycommon:/home/nls/ros2_humble/install/launch_testing_examples:/home/nls/ros2_humble/install/domain_coordinator:/home/nls/ros2_humble/install/ament_xmllint:/home/nls/ros2_humble/install/ament_pyflakes:/home/nls/ros2_humble/install/ament_pycodestyle:/home/nls/ros2_humble/install/ament_pep257:/home/nls/ros2_humble/install/ament_pclint:/home/nls/ros2_humble/install/ament_package:/home/nls/ros2_humble/install/ament_mypy:/home/nls/ros2_humble/install/ament_lint_cmake:/home/nls/ros2_humble/install/ament_flake8:/home/nls/ros2_humble/install/ament_copyright:/home/nls/ros2_humble/install/ament_lint:/home/nls/ros2_humble/install/ament_index_python:/home/nls/ros2_humble/install/ament_cpplint:/home/nls/ros2_humble/install/ament_cppcheck:/home/nls/ros2_humble/install/ament_clang_tidy:/home/nls/ros2_humble/install/ament_clang_format /usr/local/bin/cmake --build /home/nls/SHK_Arbeit/volksbot/build/gamepad_driver -- -j12 -l12
