-- Found ament_cmake: 1.3.10 (/home/nls/ros2_humble/install/ament_cmake/share/ament_cmake/cmake)
-- Found ament_lint_auto: 0.12.11 (/home/nls/ros2_humble/install/ament_lint_auto/share/ament_lint_auto/cmake)
-- Added test 'cppcheck' to perform static code analysis on C / C++ code
-- Configured cppcheck include dirs: $<BUILD_INTERFACE:/home/nls/SHK_Arbeit/volksbot/src/gamepad_driver/include>
-- Configured cppcheck exclude dirs and/or files: 
-- Added test 'lint_cmake' to check CMake code style
-- Added test 'uncrustify' to check C / C++ code style
-- Configured uncrustify additional arguments: 
-- Added test 'xmllint' to check XML markup files
-- Configuring done (4.1s)
-- Generating done (0.0s)
-- Build files have been written to: /home/nls/SHK_Arbeit/volksbot/build/gamepad_driver
[ 80%] [32mBuilding CXX object CMakeFiles/gamepad.dir/src/gamepad.cpp.o[0m
[ 80%] [32mBuilding CXX object CMakeFiles/gamepad.dir/src/gamepad_control.cpp.o[0m
[ 80%] [32mBuilding CXX object CMakeFiles/gamepad.dir/src/xboxONE.cpp.o[0m
[ 80%] [32mBuilding CXX object CMakeFiles/gamepad.dir/src/logitechf710.cpp.o[0m
[01m[K/home/nls/SHK_Arbeit/volksbot/src/gamepad_driver/src/gamepad_control.cpp:[m[K In function â€˜[01m[Kint main(int, char**)[m[Kâ€™:
[01m[K/home/nls/SHK_Arbeit/volksbot/src/gamepad_driver/src/gamepad_control.cpp:12:5:[m[K [01;31m[Kerror: [m[Kâ€˜[01m[KXBoxOne[m[Kâ€™ was not declared in this scope
   12 |     [01;31m[KXBoxOne[m[K gp = XBoxOne("/dev/input/js0");
      |     [01;31m[K^~~~~~~[m[K
[01m[K/home/nls/SHK_Arbeit/volksbot/src/gamepad_driver/src/gamepad_control.cpp:16:9:[m[K [01;31m[Kerror: [m[Kâ€˜[01m[Kgp[m[Kâ€™ was not declared in this scope
   16 |         [01;31m[Kgp[m[K.wait_for_event();
      |         [01;31m[K^~[m[K
make[2]: *** [CMakeFiles/gamepad.dir/build.make:76: CMakeFiles/gamepad.dir/src/gamepad_control.cpp.o] Error 1
make[2]: *** Waiting for unfinished jobs....
make[1]: *** [CMakeFiles/Makefile2:137: CMakeFiles/gamepad.dir/all] Error 2
make: *** [Makefile:146: all] Error 2
