-- Found ament_cmake: 1.3.10 (/home/nls/ros2_humble/install/ament_cmake/share/ament_cmake/cmake)
-- Override CMake install command with custom implementation using symlinks instead of copying resources
-- Found sensor_msgs: 4.2.4 (/home/nls/ros2_humble/install/sensor_msgs/share/sensor_msgs/cmake)
-- Found rosidl_generator_c: 3.1.5 (/home/nls/ros2_humble/install/rosidl_generator_c/share/rosidl_generator_c/cmake)
-- Found rosidl_adapter: 3.1.5 (/home/nls/ros2_humble/install/rosidl_adapter/share/rosidl_adapter/cmake)
-- Found rosidl_generator_cpp: 3.1.5 (/home/nls/ros2_humble/install/rosidl_generator_cpp/share/rosidl_generator_cpp/cmake)
-- Using all available rosidl_typesupport_c: rosidl_typesupport_introspection_c;rosidl_typesupport_fastrtps_c
-- Using all available rosidl_typesupport_cpp: rosidl_typesupport_introspection_cpp;rosidl_typesupport_fastrtps_cpp
-- Found rclcpp: 16.0.10 (/home/nls/ros2_humble/install/rclcpp/share/rclcpp/cmake)
-- Found rmw_implementation_cmake: 6.1.2 (/home/nls/ros2_humble/install/rmw_implementation_cmake/share/rmw_implementation_cmake/cmake)
-- Found rmw_fastrtps_cpp: 6.2.7 (/home/nls/ros2_humble/install/rmw_fastrtps_cpp/share/rmw_fastrtps_cpp/cmake)
-- Using RMW implementation 'rmw_fastrtps_cpp' as default
-- Configuring done (4.7s)
-- Generating done (0.0s)
-- Build files have been written to: /home/nls/SHK_Arbeit/volksbot/build/lms100
[ 20%] [32mBuilding CXX object CMakeFiles/scanlistener.dir/src/scanlistener.cc.o[0m
[ 60%] [32mBuilding CXX object CMakeFiles/sicksensor.dir/src/sicksensor.cc.o[0m
[ 60%] [32mBuilding CXX object CMakeFiles/sicksensor.dir/src/lms100_cola.cc.o[0m
[01m[K/home/nls/SHK_Arbeit/volksbot/src/lms100/src/scanlistener.cc:[m[K In function â€˜[01m[Kint main(int, char**)[m[Kâ€™:
[01m[K/home/nls/SHK_Arbeit/volksbot/src/lms100/src/scanlistener.cc:24:24:[m[K [01;31m[Kerror: [m[Kâ€˜[01m[Kclass std::shared_ptr<rclcpp::Node>[m[Kâ€™ has no member named â€˜[01m[Ksubscribe[m[Kâ€™
   24 |   auto chatter_sub = n.[01;31m[Ksubscribe[m[K("LMS100", 1, chatterCallback);
      |                        [01;31m[K^~~~~~~~~[m[K
[01m[K/home/nls/SHK_Arbeit/volksbot/src/lms100/src/scanlistener.cc:25:16:[m[K [01;31m[Kerror: [m[Kâ€˜[01m[Knode[m[Kâ€™ was not declared in this scope
   25 |   rclcpp::spin([01;31m[Knode[m[K);
      |                [01;31m[K^~~~[m[K
[01m[K/home/nls/SHK_Arbeit/volksbot/src/lms100/src/sicksensor.cc:[m[K In function â€˜[01m[Kint main(int, char**)[m[Kâ€™:
[01m[K/home/nls/SHK_Arbeit/volksbot/src/lms100/src/sicksensor.cc:20:22:[m[K [01;31m[Kerror: [m[Kâ€˜[01m[Kclass std::shared_ptr<rclcpp::Node>[m[Kâ€™ has no member named â€˜[01m[Kadvertise[m[Kâ€™
   20 |   auto publisher = n.[01;31m[Kadvertise[m[K<sensor_msgs::msg::LaserScan>("LMS",100);
      |                      [01;31m[K^~~~~~~~~[m[K
[01m[K/home/nls/SHK_Arbeit/volksbot/src/lms100/src/sicksensor.cc:20:59:[m[K [01;31m[Kerror: [m[Kexpected primary-expression before â€˜[01m[K>[m[Kâ€™ token
   20 |   auto publisher = n.advertise<sensor_msgs::msg::LaserScan[01;31m[K>[m[K("LMS",100);
      |                                                           [01;31m[K^[m[K
[01m[K/home/nls/SHK_Arbeit/volksbot/src/lms100/src/sicksensor.cc:24:5:[m[K [01;31m[Kerror: [m[Kâ€˜[01m[Kclass std::shared_ptr<rclcpp::Node>[m[Kâ€™ has no member named â€˜[01m[Kparam[m[Kâ€™
   24 |   n.[01;31m[Kparam[m[K<std::string>("sick/ip", hostname, "192.168.0.2");
      |     [01;31m[K^~~~~[m[K
[01m[K/home/nls/SHK_Arbeit/volksbot/src/lms100/src/sicksensor.cc:24:22:[m[K [01;31m[Kerror: [m[Kexpected primary-expression before â€˜[01m[K>[m[Kâ€™ token
   24 |   n.param<std::string[01;31m[K>[m[K("sick/ip", hostname, "192.168.0.2");
      |                      [01;31m[K^[m[K
[01m[K/home/nls/SHK_Arbeit/volksbot/src/lms100/src/sicksensor.cc:27:5:[m[K [01;31m[Kerror: [m[Kâ€˜[01m[Kclass std::shared_ptr<rclcpp::Node>[m[Kâ€™ has no member named â€˜[01m[Kparam[m[Kâ€™
   27 |   n.[01;31m[Kparam[m[K("sick/port", port, 2111);
      |     [01;31m[K^~~~~[m[K
[01m[K/home/nls/SHK_Arbeit/volksbot/src/lms100/src/sicksensor.cc:30:5:[m[K [01;31m[Kerror: [m[Kâ€˜[01m[Kclass std::shared_ptr<rclcpp::Node>[m[Kâ€™ has no member named â€˜[01m[Kparam[m[Kâ€™
   30 |   n.[01;31m[Kparam[m[K("sick/fov/min", min, -45.0);
      |     [01;31m[K^~~~~[m[K
[01m[K/home/nls/SHK_Arbeit/volksbot/src/lms100/src/sicksensor.cc:31:5:[m[K [01;31m[Kerror: [m[Kâ€˜[01m[Kclass std::shared_ptr<rclcpp::Node>[m[Kâ€™ has no member named â€˜[01m[Kparam[m[Kâ€™
   31 |   n.[01;31m[Kparam[m[K("sick/fov/max", max, 225.0);
      |     [01;31m[K^~~~~[m[K
[01m[K/home/nls/SHK_Arbeit/volksbot/src/lms100/src/sicksensor.cc:32:5:[m[K [01;31m[Kerror: [m[Kâ€˜[01m[Kclass std::shared_ptr<rclcpp::Node>[m[Kâ€™ has no member named â€˜[01m[Kparam[m[Kâ€™
   32 |   n.[01;31m[Kparam[m[K("sick/fov/resolution", res, 0.5);
      |     [01;31m[K^~~~~[m[K
[01m[K/home/nls/SHK_Arbeit/volksbot/src/lms100/src/sicksensor.cc:33:5:[m[K [01;31m[Kerror: [m[Kâ€˜[01m[Kclass std::shared_ptr<rclcpp::Node>[m[Kâ€™ has no member named â€˜[01m[Kparam[m[Kâ€™
   33 |   n.[01;31m[Kparam[m[K("sick/rate", freq, 50.0);
      |     [01;31m[K^~~~~[m[K
[01m[K/home/nls/SHK_Arbeit/volksbot/src/lms100/src/sicksensor.cc:43:7:[m[K [01;31m[Kerror: [m[Kâ€˜[01m[Kusleep[m[Kâ€™ was not declared in this scope
   43 |       [01;31m[Kusleep[m[K(500000);
      |       [01;31m[K^~~~~~[m[K
[01m[K/home/nls/SHK_Arbeit/volksbot/src/lms100/src/sicksensor.cc:81:11:[m[K [01;31m[Kerror: [m[Kâ€˜[01m[Kclass std::shared_ptr<rclcpp::Node>[m[Kâ€™ has no member named â€˜[01m[Kok[m[Kâ€™
   81 |   while(n.[01;31m[Kok[m[K())
      |           [01;31m[K^~[m[K
[01m[K/home/nls/SHK_Arbeit/volksbot/src/lms100/src/sicksensor.cc:87:45:[m[K [01;31m[Kerror: [m[Kâ€˜[01m[Know[m[Kâ€™ is not a member of â€˜[01m[Krclcpp::Time[m[Kâ€™
   87 |       laserMsg.header.stamp = rclcpp::Time::[01;31m[Know[m[K();
      |                                             [01;31m[K^~~[m[K
[01m[K/home/nls/SHK_Arbeit/volksbot/src/lms100/src/sicksensor.cc:116:23:[m[K [01;31m[Kerror: [m[Kâ€˜[01m[Knode[m[Kâ€™ was not declared in this scope
  116 |     rclcpp::spin_some([01;31m[Knode[m[K);
      |                       [01;31m[K^~~~[m[K
make[2]: *** [CMakeFiles/scanlistener.dir/build.make:76: CMakeFiles/scanlistener.dir/src/scanlistener.cc.o] Error 1
make[1]: *** [CMakeFiles/Makefile2:139: CMakeFiles/scanlistener.dir/all] Error 2
make[1]: *** Waiting for unfinished jobs....
make[2]: *** [CMakeFiles/sicksensor.dir/build.make:76: CMakeFiles/sicksensor.dir/src/sicksensor.cc.o] Error 1
make[1]: *** [CMakeFiles/Makefile2:165: CMakeFiles/sicksensor.dir/all] Error 2
make: *** [Makefile:146: all] Error 2
