-- The C compiler identification is GNU 9.4.0
-- The CXX compiler identification is GNU 9.4.0
-- Detecting C compiler ABI info
-- Detecting C compiler ABI info - done
-- Check for working C compiler: /usr/bin/cc - skipped
-- Detecting C compile features
-- Detecting C compile features - done
-- Detecting CXX compiler ABI info
-- Detecting CXX compiler ABI info - done
-- Check for working CXX compiler: /usr/bin/c++ - skipped
-- Detecting CXX compile features
-- Detecting CXX compile features - done
-- Found ament_cmake: 1.3.10 (/home/nls/ros2_humble/install/ament_cmake/share/ament_cmake/cmake)
-- Found Python3: /usr/bin/python3 (found version "3.8.10") found components: Interpreter
-- Found ament_lint_auto: 0.12.11 (/home/nls/ros2_humble/install/ament_lint_auto/share/ament_lint_auto/cmake)
-- Added test 'cppcheck' to perform static code analysis on C / C++ code
-- Configured cppcheck include dirs: $<BUILD_INTERFACE:/home/nls/SHK_Arbeit/volksbot/src/gamepad_driver/include>
-- Configured cppcheck exclude dirs and/or files: 
-- Added test 'lint_cmake' to check CMake code style
-- Added test 'uncrustify' to check C / C++ code style
-- Configured uncrustify additional arguments: 
-- Added test 'xmllint' to check XML markup files
-- Configuring done (13.2s)
-- Generating done (0.0s)
-- Build files have been written to: /home/nls/SHK_Arbeit/volksbot/build/gamepad_driver
[ 50%] [32mBuilding CXX object CMakeFiles/gamepad.dir/src/gamepad_control.cpp.o[0m
[01m[K/home/nls/SHK_Arbeit/volksbot/src/gamepad_driver/src/gamepad_control.cpp:[m[K In function â€˜[01m[Kint main(int, char**)[m[Kâ€™:
[01m[K/home/nls/SHK_Arbeit/volksbot/src/gamepad_driver/src/gamepad_control.cpp:4:14:[m[K [01;35m[Kwarning: [m[Kunused parameter â€˜[01m[Kargc[m[Kâ€™ [[01;35m[K-Wunused-parameter[m[K]
    4 | int main([01;35m[Kint argc[m[K, char* argv[]) {
      |          [01;35m[K~~~~^~~~[m[K
[01m[K/home/nls/SHK_Arbeit/volksbot/src/gamepad_driver/src/gamepad_control.cpp:4:26:[m[K [01;35m[Kwarning: [m[Kunused parameter â€˜[01m[Kargv[m[Kâ€™ [[01;35m[K-Wunused-parameter[m[K]
    4 | int main(int argc, [01;35m[Kchar* argv[][m[K) {
      |                    [01;35m[K~~~~~~^~~~~~[m[K
[100%] [32m[1mLinking CXX executable gamepad[0m
/usr/bin/ld: CMakeFiles/gamepad.dir/src/gamepad_control.cpp.o: in function `main':
gamepad_control.cpp:(.text+0x3e): undefined reference to `Gamepad::wait_for_event()'
/usr/bin/ld: gamepad_control.cpp:(.text+0x4a): undefined reference to `Gamepad::publish_state()'
/usr/bin/ld: CMakeFiles/gamepad.dir/src/gamepad_control.cpp.o: in function `LogitechF::LogitechF(char const*)':
gamepad_control.cpp:(.text._ZN9LogitechFC2EPKc[_ZN9LogitechFC5EPKc]+0x23): undefined reference to `Gamepad::Gamepad(char const*)'
/usr/bin/ld: gamepad_control.cpp:(.text._ZN9LogitechFC2EPKc[_ZN9LogitechFC5EPKc]+0x2a): undefined reference to `vtable for LogitechF'
/usr/bin/ld: CMakeFiles/gamepad.dir/src/gamepad_control.cpp.o: in function `LogitechF::~LogitechF()':
gamepad_control.cpp:(.text._ZN9LogitechFD2Ev[_ZN9LogitechFD5Ev]+0x13): undefined reference to `vtable for LogitechF'
/usr/bin/ld: gamepad_control.cpp:(.text._ZN9LogitechFD2Ev[_ZN9LogitechFD5Ev]+0x26): undefined reference to `Gamepad::~Gamepad()'
collect2: error: ld returned 1 exit status
make[2]: *** [CMakeFiles/gamepad.dir/build.make:97: gamepad] Error 1
make[1]: *** [CMakeFiles/Makefile2:137: CMakeFiles/gamepad.dir/all] Error 2
make: *** [Makefile:146: all] Error 2
