-- Found ament_cmake: 1.3.10 (/home/nls/ros2_humble/install/ament_cmake/share/ament_cmake/cmake)
-- Found ament_lint_auto: 0.12.11 (/home/nls/ros2_humble/install/ament_lint_auto/share/ament_lint_auto/cmake)
-- Added test 'cppcheck' to perform static code analysis on C / C++ code
-- Configured cppcheck include dirs: $<BUILD_INTERFACE:/home/nls/SHK_Arbeit/volksbot/src/gamepad_driver/include>
-- Configured cppcheck exclude dirs and/or files: 
-- Added test 'lint_cmake' to check CMake code style
-- Added test 'uncrustify' to check C / C++ code style
-- Configured uncrustify additional arguments: 
-- Added test 'xmllint' to check XML markup files
-- Configuring done (3.6s)
-- Generating done (0.0s)
-- Build files have been written to: /home/nls/SHK_Arbeit/volksbot/build/gamepad_driver
[ 50%] [32mBuilding CXX object CMakeFiles/gamepad.dir/src/gamepad_control.cpp.o[0m
[ 50%] [32mBuilding CXX object CMakeFiles/gamepad.dir/src/gamepad.cpp.o[0m
[ 75%] [32mBuilding CXX object CMakeFiles/gamepad.dir/src/logitechf710.cpp.o[0m
[01m[K/home/nls/SHK_Arbeit/volksbot/src/gamepad_driver/src/logitechf710.cpp:4:10:[m[K [01;31m[Kfatal error: [m[Klogitechf710.hpp: No such file or directory
    4 | #include [01;31m[K"logitechf710.hpp"[m[K
      |          [01;31m[K^~~~~~~~~~~~~~~~~~[m[K
compilation terminated.
make[2]: *** [CMakeFiles/gamepad.dir/build.make:104: CMakeFiles/gamepad.dir/src/logitechf710.cpp.o] Error 1
make[2]: *** Waiting for unfinished jobs....
[01m[K/home/nls/SHK_Arbeit/volksbot/src/gamepad_driver/src/gamepad_control.cpp:[m[K In function â€˜[01m[Kint main(int, char**)[m[Kâ€™:
[01m[K/home/nls/SHK_Arbeit/volksbot/src/gamepad_driver/src/gamepad_control.cpp:5:14:[m[K [01;35m[Kwarning: [m[Kunused parameter â€˜[01m[Kargc[m[Kâ€™ [[01;35m[K-Wunused-parameter[m[K]
    5 | int main([01;35m[Kint argc[m[K, char* argv[]) {
      |          [01;35m[K~~~~^~~~[m[K
[01m[K/home/nls/SHK_Arbeit/volksbot/src/gamepad_driver/src/gamepad_control.cpp:5:26:[m[K [01;35m[Kwarning: [m[Kunused parameter â€˜[01m[Kargv[m[Kâ€™ [[01;35m[K-Wunused-parameter[m[K]
    5 | int main(int argc, [01;35m[Kchar* argv[][m[K) {
      |                    [01;35m[K~~~~~~^~~~~~[m[K
make[1]: *** [CMakeFiles/Makefile2:137: CMakeFiles/gamepad.dir/all] Error 2
make: *** [Makefile:146: all] Error 2
